[2025-07-25 11:52:25.510468] 🚨 WARNING: SPACE STATION and SPACE STATION are 6.94 km apart!
[2025-07-25 11:52:25.516458] 🚨 WARNING: SPACE STATION and SPACE STATION are 6.94 km apart!
[2025-07-25 11:52:25.526770] 🚨 WARNING: SPACE STATION and SPACE STATION are 6.94 km apart!
[2025-07-25 11:52:25.531029] 🚨 WARNING: SPACE STATION and SPACE STATION are 6.94 km apart!
[2025-07-25 11:52:25.540014] 🚨 WARNING: SPACE STATION and SPACE STATION are 6.94 km apart!
[2025-07-25 11:52:25.552009] 🚨 WARNING: NOAA 20 (JPSS 1) and NOAA 20 (JPSS 1) are 6.69 km apart!
[2025-07-25 11:52:25.559549] 🚨 WARNING: NOAA 20 (JPSS 1) and NOAA 20 (JPSS 1) are 6.69 km apart!
[2025-07-25 11:52:25.564857] 🚨 WARNING: NOAA 20 (JPSS 1) and NOAA 20 (JPSS 1) are 6.69 km apart!
[2025-07-25 11:52:25.573294] 🚨 WARNING: NOAA 20 (JPSS 1) and NOAA 20 (JPSS 1) are 6.69 km apart!
[2025-07-25 11:52:25.577293] 🚨 WARNING: NOAA 20 (JPSS 1) and NOAA 20 (JPSS 1) are 6.69 km apart!
[2025-07-25 11:52:25.581710] 🚨 WARNING: NOAA 20 (JPSS 1) and NOAA 20 (JPSS 1) are 6.69 km apart!
[2025-07-25 11:52:25.590782] 🚨 WARNING: SAUDISAT 1C and SAUDISAT 1C are 6.60 km apart!
[2025-07-25 11:52:25.594816] 🚨 WARNING: SAUDISAT 1C and SAUDISAT 1C are 6.60 km apart!
[2025-07-25 11:52:25.600532] 🚨 WARNING: SAUDISAT 1C and SAUDISAT 1C are 6.60 km apart!
[2025-07-25 11:52:25.606584] 🚨 WARNING: SAUDISAT 1C and SAUDISAT 1C are 6.60 km apart!
[2025-07-25 11:52:25.609617] 🚨 WARNING: SAUDISAT 1C and SAUDISAT 1C are 6.60 km apart!
[2025-07-25 11:52:25.614841] 🚨 WARNING: SAUDISAT 1C and SAUDISAT 1C are 6.60 km apart!
[2025-07-25 11:52:25.618841] 🚨 WARNING: LANDSAT 8 and LANDSAT 8 are 6.87 km apart!
[2025-07-25 11:52:25.621839] 🚨 WARNING: LANDSAT 8 and LANDSAT 8 are 6.87 km apart!
[2025-07-25 11:52:25.625208] 🚨 WARNING: LANDSAT 8 and LANDSAT 8 are 6.87 km apart!
[2025-07-25 11:52:25.628183] 🚨 WARNING: LANDSAT 8 and LANDSAT 8 are 6.87 km apart!
[2025-07-25 11:52:25.631179] 🚨 WARNING: LANDSAT 8 and LANDSAT 8 are 6.87 km apart!
[2025-07-25 11:52:25.634199] 🚨 WARNING: LANDSAT 8 and LANDSAT 8 are 6.87 km apart!
[2025-07-25 11:52:25.637489] 🚨 WARNING: LANDSAT 8 and LANDSAT 8 are 6.87 km apart!
[2025-07-25 11:52:25.639922] 🚨 WARNING: LANDSAT 8 and LANDSAT 8 are 6.87 km apart!
[2025-07-25 11:52:25.642916] 🚨 WARNING: HST and HST are 6.67 km apart!
[2025-07-25 11:52:25.646935] 🚨 WARNING: HST and HST are 6.67 km apart!
[2025-07-25 11:52:25.647917] 🚨 WARNING: HST and HST are 6.67 km apart!
[2025-07-25 11:52:25.650035] 🚨 WARNING: HST and HST are 6.67 km apart!
[2025-07-25 11:52:25.651032] 🚨 WARNING: HST and HST are 6.67 km apart!
[2025-07-25 11:52:25.652332] 🚨 WARNING: HST and HST are 6.67 km apart!
[2025-07-25 11:52:25.653345] 🚨 WARNING: HST and HST are 6.67 km apart!
[2025-07-25 12:06:24.895940]  WARNING: SPACE STATION and SPACE STATION are 6.87 km apart!
[2025-07-25 12:06:24.908959]  WARNING: SPACE STATION and SPACE STATION are 6.87 km apart!
[2025-07-25 12:06:24.912959]  WARNING: SPACE STATION and SPACE STATION are 6.87 km apart!
[2025-07-25 12:06:24.920959]  WARNING: SPACE STATION and SPACE STATION are 6.87 km apart!
[2025-07-25 12:06:24.924959]  WARNING: SPACE STATION and SPACE STATION are 6.87 km apart!
[2025-07-25 12:06:24.928959]  WARNING: SPACE STATION and SPACE STATION are 6.87 km apart!
[2025-07-25 12:06:24.936959]  WARNING: NOAA 20 (JPSS 1) and NOAA 20 (JPSS 1) are 6.65 km apart!
[2025-07-25 12:06:24.939959]  WARNING: NOAA 20 (JPSS 1) and NOAA 20 (JPSS 1) are 6.65 km apart!
[2025-07-25 12:06:24.943959]  WARNING: NOAA 20 (JPSS 1) and NOAA 20 (JPSS 1) are 6.65 km apart!
[2025-07-25 12:06:24.950524]  WARNING: NOAA 20 (JPSS 1) and NOAA 20 (JPSS 1) are 6.65 km apart!
[2025-07-25 12:06:24.954524]  WARNING: NOAA 20 (JPSS 1) and NOAA 20 (JPSS 1) are 6.65 km apart!
[2025-07-25 12:06:24.957524]  WARNING: NOAA 20 (JPSS 1) and NOAA 20 (JPSS 1) are 6.65 km apart!
[2025-07-25 12:06:24.960566]  WARNING: NOAA 20 (JPSS 1) and NOAA 20 (JPSS 1) are 6.65 km apart!
[2025-07-25 12:06:24.973566]  WARNING: SAUDISAT 1C and SAUDISAT 1C are 6.62 km apart!
[2025-07-25 12:06:24.976566]  WARNING: SAUDISAT 1C and SAUDISAT 1C are 6.62 km apart!
[2025-07-25 12:06:24.979600]  WARNING: SAUDISAT 1C and SAUDISAT 1C are 6.62 km apart!
[2025-07-25 12:06:24.981598]  WARNING: SAUDISAT 1C and SAUDISAT 1C are 6.62 km apart!
[2025-07-25 12:06:24.984598]  WARNING: SAUDISAT 1C and SAUDISAT 1C are 6.62 km apart!
[2025-07-25 12:06:24.986848]  WARNING: SAUDISAT 1C and SAUDISAT 1C are 6.62 km apart!
[2025-07-25 12:06:24.989202]  WARNING: SAUDISAT 1C and SAUDISAT 1C are 6.62 km apart!
[2025-07-25 12:06:24.994358]  WARNING: LANDSAT 8 and LANDSAT 8 are 6.77 km apart!
[2025-07-25 12:06:24.996358]  WARNING: LANDSAT 8 and LANDSAT 8 are 6.77 km apart!
[2025-07-25 12:06:24.998609]  WARNING: LANDSAT 8 and LANDSAT 8 are 6.77 km apart!
[2025-07-25 12:06:25.000651]  WARNING: LANDSAT 8 and LANDSAT 8 are 6.77 km apart!
[2025-07-25 12:06:25.001654]  WARNING: LANDSAT 8 and LANDSAT 8 are 6.77 km apart!
[2025-07-25 12:06:25.004651]  WARNING: LANDSAT 8 and LANDSAT 8 are 6.77 km apart!
[2025-07-25 12:06:25.006652]  WARNING: LANDSAT 8 and LANDSAT 8 are 6.77 km apart!
[2025-07-25 12:06:25.008651]  WARNING: HST and HST are 6.67 km apart!
[2025-07-25 12:06:25.009655]  WARNING: HST and HST are 6.67 km apart!
[2025-07-25 12:06:25.010653]  WARNING: HST and HST are 6.67 km apart!
[2025-07-25 12:06:25.011655]  WARNING: HST and HST are 6.67 km apart!
[2025-07-25 12:06:25.012633]  WARNING: HST and HST are 6.68 km apart!
[2025-07-25 12:06:25.012633]  WARNING: HST and HST are 6.67 km apart!
[2025-07-25 12:06:25.014053]  WARNING: HST and HST are 6.67 km apart!
[2025-07-25 12:06:25.015066]  WARNING: HST and HST are 6.68 km apart!
